2026-03-08 00:44:50,460 : INFO : --------------------------------------------------
2026-03-08 00:44:50,461 : INFO : --------------- Data Shield System ---------------
2026-03-08 00:44:50,461 : INFO : --------------------------------------------------
2026-03-08 00:44:50,461 : INFO : Backup Process Started Successfully at :Sun Mar  8 00:44:50 2026
2026-03-08 00:44:50,471 : INFO : Copied: directory_scan_1.py
2026-03-08 00:44:50,474 : INFO : Copied: directory_scan_2.py
2026-03-08 00:44:50,496 : INFO : Copied: directory_scan_3.py
2026-03-08 00:44:50,500 : INFO : Copied: directory_scan_4.py
2026-03-08 00:44:50,504 : INFO : Copied: x.py
2026-03-08 00:44:50,508 : INFO : Copied: y.py
2026-03-08 00:44:50,511 : INFO : Copied: Movies\Titanic.py
2026-03-08 00:44:50,512 : INFO : Backup completed. 7 file(s) copied.
2026-03-08 00:44:50,513 : INFO : Creating ZIP archive...
2026-03-08 00:44:50,539 : INFO : ZIP created: BackupZipFiles\TempBackup_2026-03-08_00-44-50.zip
2026-03-08 00:44:50,539 : INFO : Files copied: 7
2026-03-08 00:44:50,540 : INFO : Zip file gets created: BackupZipFiles\TempBackup_2026-03-08_00-44-50.zip
2026-03-08 00:44:50,540 : INFO : --------------------------------------------------
2026-03-08 00:44:50,542 : INFO : --------------------------------------------------
2026-03-08 00:44:50,542 : INFO : ------------------ End of Log File ---------------
2026-03-08 00:44:50,542 : INFO : --------------------------------------------------
2026-03-08 00:47:50,717 : INFO : --------------------------------------------------
2026-03-08 00:47:50,717 : INFO : --------------- Data Shield System ---------------
2026-03-08 00:47:50,717 : INFO : --------------------------------------------------
2026-03-08 00:47:50,718 : INFO : Backup Process Started Successfully at :Sun Mar  8 00:47:50 2026
2026-03-08 00:47:50,730 : INFO : Backup completed. 0 file(s) copied.
2026-03-08 00:47:50,730 : INFO : Creating ZIP archive...
2026-03-08 00:47:50,759 : INFO : ZIP created: BackupZipFiles\TempBackup_2026-03-08_00-47-50.zip
2026-03-08 00:47:50,759 : INFO : Files copied: 0
2026-03-08 00:47:50,759 : INFO : Zip file gets created: BackupZipFiles\TempBackup_2026-03-08_00-47-50.zip
2026-03-08 00:47:50,759 : INFO : --------------------------------------------------
2026-03-08 00:47:50,761 : INFO : --------------------------------------------------
2026-03-08 00:47:50,761 : INFO : ------------------ End of Log File ---------------
2026-03-08 00:47:50,761 : INFO : --------------------------------------------------
2026-03-08 00:50:50,928 : INFO : --------------------------------------------------
2026-03-08 00:50:50,929 : INFO : --------------- Data Shield System ---------------
2026-03-08 00:50:50,929 : INFO : --------------------------------------------------
2026-03-08 00:50:50,929 : INFO : Backup Process Started Successfully at :Sun Mar  8 00:50:50 2026
2026-03-08 00:50:50,976 : INFO : Backup completed. 0 file(s) copied.
2026-03-08 00:50:50,977 : INFO : Creating ZIP archive...
2026-03-08 00:50:50,988 : INFO : ZIP created: BackupZipFiles\TempBackup_2026-03-08_00-50-50.zip
2026-03-08 00:50:50,989 : INFO : Files copied: 0
2026-03-08 00:50:50,989 : INFO : Zip file gets created: BackupZipFiles\TempBackup_2026-03-08_00-50-50.zip
2026-03-08 00:50:50,989 : INFO : --------------------------------------------------
2026-03-08 00:50:50,991 : INFO : --------------------------------------------------
2026-03-08 00:50:50,991 : INFO : ------------------ End of Log File ---------------
2026-03-08 00:50:50,991 : INFO : --------------------------------------------------
2026-03-08 00:53:51,182 : INFO : --------------------------------------------------
2026-03-08 00:53:51,183 : INFO : --------------- Data Shield System ---------------
2026-03-08 00:53:51,183 : INFO : --------------------------------------------------
2026-03-08 00:53:51,183 : INFO : Backup Process Started Successfully at :Sun Mar  8 00:53:51 2026
2026-03-08 00:53:51,233 : INFO : Backup completed. 0 file(s) copied.
2026-03-08 00:53:51,233 : INFO : Creating ZIP archive...
2026-03-08 00:53:51,248 : INFO : ZIP created: BackupZipFiles\TempBackup_2026-03-08_00-53-51.zip
2026-03-08 00:53:51,248 : INFO : Files copied: 0
2026-03-08 00:53:51,248 : INFO : Zip file gets created: BackupZipFiles\TempBackup_2026-03-08_00-53-51.zip
2026-03-08 00:53:51,248 : INFO : --------------------------------------------------
2026-03-08 00:53:51,250 : INFO : --------------------------------------------------
2026-03-08 00:53:51,250 : INFO : ------------------ End of Log File ---------------
2026-03-08 00:53:51,251 : INFO : --------------------------------------------------
2026-03-08 00:56:51,403 : INFO : --------------------------------------------------
2026-03-08 00:56:51,404 : INFO : --------------- Data Shield System ---------------
2026-03-08 00:56:51,404 : INFO : --------------------------------------------------
2026-03-08 00:56:51,404 : INFO : Backup Process Started Successfully at :Sun Mar  8 00:56:51 2026
2026-03-08 00:56:51,415 : INFO : Backup completed. 0 file(s) copied.
2026-03-08 00:56:51,415 : INFO : Creating ZIP archive...
2026-03-08 00:56:51,441 : INFO : ZIP created: BackupZipFiles\TempBackup_2026-03-08_00-56-51.zip
2026-03-08 00:56:51,442 : INFO : Files copied: 0
2026-03-08 00:56:51,442 : INFO : Zip file gets created: BackupZipFiles\TempBackup_2026-03-08_00-56-51.zip
2026-03-08 00:56:51,442 : INFO : --------------------------------------------------
2026-03-08 00:56:51,443 : INFO : --------------------------------------------------
2026-03-08 00:56:51,444 : INFO : ------------------ End of Log File ---------------
2026-03-08 00:56:51,444 : INFO : --------------------------------------------------
